30-Sep-2023 12:41:52.849 INFO [main] org.apache.catalina.startup.VersionLoggerListener.log Server version name:   Apache Tomcat/10.1.13
30-Sep-2023 12:41:52.868 INFO [main] org.apache.catalina.startup.VersionLoggerListener.log Server built:          Aug 23 2023 21:34:59 UTC
30-Sep-2023 12:41:52.870 INFO [main] org.apache.catalina.startup.VersionLoggerListener.log Server version number: 10.1.13.0
30-Sep-2023 12:41:52.871 INFO [main] org.apache.catalina.startup.VersionLoggerListener.log OS Name:               Windows 11
30-Sep-2023 12:41:52.871 INFO [main] org.apache.catalina.startup.VersionLoggerListener.log OS Version:            10.0
30-Sep-2023 12:41:52.875 INFO [main] org.apache.catalina.startup.VersionLoggerListener.log Architecture:          amd64
30-Sep-2023 12:41:52.880 INFO [main] org.apache.catalina.startup.VersionLoggerListener.log Java Home:             C:\Program Files\Java\jdk-17
30-Sep-2023 12:41:52.883 INFO [main] org.apache.catalina.startup.VersionLoggerListener.log JVM Version:           17.0.8+9-LTS-211
30-Sep-2023 12:41:52.891 INFO [main] org.apache.catalina.startup.VersionLoggerListener.log JVM Vendor:            Oracle Corporation
30-Sep-2023 12:41:52.893 INFO [main] org.apache.catalina.startup.VersionLoggerListener.log CATALINA_BASE:         H:\Siddhesh Implements Technology\apache-tomcat-10.1.13
30-Sep-2023 12:41:52.893 INFO [main] org.apache.catalina.startup.VersionLoggerListener.log CATALINA_HOME:         H:\Siddhesh Implements Technology\apache-tomcat-10.1.13
30-Sep-2023 12:41:52.949 INFO [main] org.apache.catalina.startup.VersionLoggerListener.log Command line argument: -Djava.util.logging.config.file=H:\Siddhesh Implements Technology\apache-tomcat-10.1.13\conf\logging.properties
30-Sep-2023 12:41:52.949 INFO [main] org.apache.catalina.startup.VersionLoggerListener.log Command line argument: -Djava.util.logging.manager=org.apache.juli.ClassLoaderLogManager
30-Sep-2023 12:41:52.952 INFO [main] org.apache.catalina.startup.VersionLoggerListener.log Command line argument: -Djdk.tls.ephemeralDHKeySize=2048
30-Sep-2023 12:41:52.952 INFO [main] org.apache.catalina.startup.VersionLoggerListener.log Command line argument: -Djava.protocol.handler.pkgs=org.apache.catalina.webresources
30-Sep-2023 12:41:52.952 INFO [main] org.apache.catalina.startup.VersionLoggerListener.log Command line argument: --add-opens=java.base/java.lang=ALL-UNNAMED
30-Sep-2023 12:41:52.952 INFO [main] org.apache.catalina.startup.VersionLoggerListener.log Command line argument: --add-opens=java.base/java.io=ALL-UNNAMED
30-Sep-2023 12:41:52.952 INFO [main] org.apache.catalina.startup.VersionLoggerListener.log Command line argument: --add-opens=java.base/java.util=ALL-UNNAMED
30-Sep-2023 12:41:52.952 INFO [main] org.apache.catalina.startup.VersionLoggerListener.log Command line argument: --add-opens=java.base/java.util.concurrent=ALL-UNNAMED
30-Sep-2023 12:41:52.956 INFO [main] org.apache.catalina.startup.VersionLoggerListener.log Command line argument: --add-opens=java.rmi/sun.rmi.transport=ALL-UNNAMED
30-Sep-2023 12:41:52.956 INFO [main] org.apache.catalina.startup.VersionLoggerListener.log Command line argument: -Dcatalina.base=H:\Siddhesh Implements Technology\apache-tomcat-10.1.13
30-Sep-2023 12:41:52.956 INFO [main] org.apache.catalina.startup.VersionLoggerListener.log Command line argument: -Dcatalina.home=H:\Siddhesh Implements Technology\apache-tomcat-10.1.13
30-Sep-2023 12:41:52.958 INFO [main] org.apache.catalina.startup.VersionLoggerListener.log Command line argument: -Djava.io.tmpdir=H:\Siddhesh Implements Technology\apache-tomcat-10.1.13\temp
30-Sep-2023 12:41:54.138 INFO [main] org.apache.catalina.core.AprLifecycleListener.lifecycleEvent Loaded Apache Tomcat Native library [2.0.5] using APR version [1.7.4].
30-Sep-2023 12:41:54.159 INFO [main] org.apache.catalina.core.AprLifecycleListener.initializeSSL OpenSSL successfully initialized [OpenSSL 3.0.10 1 Aug 2023]
30-Sep-2023 12:41:55.160 INFO [main] org.apache.coyote.AbstractProtocol.init Initializing ProtocolHandler ["http-nio-8080"]
30-Sep-2023 12:41:55.225 INFO [main] org.apache.catalina.startup.Catalina.load Server initialization in [3347] milliseconds
30-Sep-2023 12:41:55.340 INFO [main] org.apache.catalina.core.StandardService.startInternal Starting service [Catalina]
30-Sep-2023 12:41:55.340 INFO [main] org.apache.catalina.core.StandardEngine.startInternal Starting Servlet engine: [Apache Tomcat/10.1.13]
30-Sep-2023 12:41:55.359 INFO [main] org.apache.catalina.startup.HostConfig.deployDirectory Deploying web application directory [H:\Siddhesh Implements Technology\apache-tomcat-10.1.13\webapps\docs]
30-Sep-2023 12:41:56.085 INFO [main] org.apache.catalina.startup.HostConfig.deployDirectory Deployment of web application directory [H:\Siddhesh Implements Technology\apache-tomcat-10.1.13\webapps\docs] has finished in [724] ms
30-Sep-2023 12:41:56.087 INFO [main] org.apache.catalina.startup.HostConfig.deployDirectory Deploying web application directory [H:\Siddhesh Implements Technology\apache-tomcat-10.1.13\webapps\examples]
30-Sep-2023 12:41:58.078 INFO [main] org.apache.catalina.startup.HostConfig.deployDirectory Deployment of web application directory [H:\Siddhesh Implements Technology\apache-tomcat-10.1.13\webapps\examples] has finished in [1,988] ms
30-Sep-2023 12:41:58.078 INFO [main] org.apache.catalina.startup.HostConfig.deployDirectory Deploying web application directory [H:\Siddhesh Implements Technology\apache-tomcat-10.1.13\webapps\host-manager]
30-Sep-2023 12:41:58.188 INFO [main] org.apache.catalina.startup.HostConfig.deployDirectory Deployment of web application directory [H:\Siddhesh Implements Technology\apache-tomcat-10.1.13\webapps\host-manager] has finished in [110] ms
30-Sep-2023 12:41:58.188 INFO [main] org.apache.catalina.startup.HostConfig.deployDirectory Deploying web application directory [H:\Siddhesh Implements Technology\apache-tomcat-10.1.13\webapps\manager]
30-Sep-2023 12:41:58.319 INFO [main] org.apache.catalina.startup.HostConfig.deployDirectory Deployment of web application directory [H:\Siddhesh Implements Technology\apache-tomcat-10.1.13\webapps\manager] has finished in [131] ms
30-Sep-2023 12:41:58.319 INFO [main] org.apache.catalina.startup.HostConfig.deployDirectory Deploying web application directory [H:\Siddhesh Implements Technology\apache-tomcat-10.1.13\webapps\ROOT]
30-Sep-2023 12:41:58.387 INFO [main] org.apache.catalina.startup.HostConfig.deployDirectory Deployment of web application directory [H:\Siddhesh Implements Technology\apache-tomcat-10.1.13\webapps\ROOT] has finished in [64] ms
30-Sep-2023 12:41:58.388 INFO [main] org.apache.catalina.startup.HostConfig.deployDirectory Deploying web application directory [H:\Siddhesh Implements Technology\apache-tomcat-10.1.13\webapps\webapp]
30-Sep-2023 12:41:58.468 INFO [main] org.apache.catalina.startup.HostConfig.deployDirectory Deployment of web application directory [H:\Siddhesh Implements Technology\apache-tomcat-10.1.13\webapps\webapp] has finished in [80] ms
30-Sep-2023 12:41:58.478 INFO [main] org.apache.coyote.AbstractProtocol.start Starting ProtocolHandler ["http-nio-8080"]
30-Sep-2023 12:41:58.593 INFO [main] org.apache.catalina.startup.Catalina.start Server startup in [3370] milliseconds
30-Sep-2023 12:44:39.242 INFO [Catalina-utility-1] org.apache.catalina.startup.HostConfig.undeploy Undeploying context [/webapp]
30-Sep-2023 12:44:43.039 INFO [Thread-1] org.apache.coyote.AbstractProtocol.pause Pausing ProtocolHandler ["http-nio-8080"]
30-Sep-2023 12:44:43.098 INFO [Thread-1] org.apache.catalina.core.StandardService.stopInternal Stopping service [Catalina]
30-Sep-2023 12:44:43.179 INFO [Thread-1] org.apache.coyote.AbstractProtocol.stop Stopping ProtocolHandler ["http-nio-8080"]
30-Sep-2023 12:44:43.195 INFO [Thread-1] org.apache.coyote.AbstractProtocol.destroy Destroying ProtocolHandler ["http-nio-8080"]
